<?xml version="1.0" encoding="UTF-8"?>
<!-- Generated by org.testng.reporters.JUnitXMLReporter -->
<testsuite hostname="LAPTOP-UJ85GF3T" ignored="1" name="Test" tests="5" failures="0" timestamp="01 Feb 2021 09:44:43 GMT" time="0.047" errors="0">
  <testcase name="WebPage" time="0.0" classname="piyush.maven_java.WebTest"/>
  <testcase name="WebPageOnMobile" time="0.0" classname="piyush.maven_java.WebTest"/>
  <testcase name="mobileTest" time="0.0" classname="piyush.maven_java.MobileTest"/>
  <testcase name="APIonMobile" time="0.0" classname="piyush.maven_java.APITest"/>
  <testcase name="restAPI" time="0.0" classname="piyush.maven_java.APITest"/>
  <testcase name="mobile" time="0.0" classname="piyush.maven_java.MobileTest">
    <ignored/>
  </testcase> <!-- mobile -->
</testsuite> <!-- Test -->
